Arguments: 
  /usr/bin/node /usr/bin/yarn init

PATH: 
  /home/wesley/.local/bin:/usr/local/bin:/usr/local/sbin:/usr/bin:/var/lib/flatpak/exports/bin:/usr/bin/site_perl:/usr/bin/vendor_perl:/usr/bin/core_perl:~/bin:/mnt/hda1/bin/dotnet3:/mnt/hda1/bin/nodejs/bin:/mnt/hda1/bin/zig/bin:/mnt/hda1/bin/go/bin:~/.gem/ruby/2.7.0/bin

Yarn version: 
  1.22.0

Node version: 
  13.10.1

Platform: 
  linux x64

Trace: 
  Error: canceled
      at Interface.<anonymous> (/usr/lib/node_modules/yarn/lib/cli.js:136987:13)
      at Interface.emit (events.js:316:20)
      at Interface._ttyWrite (readline.js:873:16)
      at ReadStream.onkeypress (readline.js:213:10)
      at ReadStream.emit (events.js:316:20)
      at emitKeys (internal/readline/utils.js:335:14)
      at emitKeys.next (<anonymous>)
      at ReadStream.onData (readline.js:1140:36)
      at ReadStream.emit (events.js:316:20)
      at addChunk (_stream_readable.js:297:12)

npm manifest: 
  {
    "name": "noder",
    "version": "1.0.0",
    "description": "Open source kanban board",
    "private": true,
    "scripts": {
      "start": "go run server.go",
      "build": "webpack",
      "watch": "webpack --watch"
    },
    "author": "Wesley Santos",
    "license": "GPL-3.0",
    "devDependencies": {
      "@types/dotenv": "^6.1.1",
      "@types/react": "^16.9.23",
      "@types/react-dom": "^16.9.5",
      "@types/react-redux": "^7.1.7",
      "@types/react-router": "^5.1.4",
      "@types/react-router-dom": "^4.3.5",
      "compression-webpack-plugin": "^3.1.0",
      "copy-webpack-plugin": "^5.1.1",
      "css-loader": "^3.4.2",
      "dotenv-webpack": "^1.7.0",
      "node-sass": "^4.13.1",
      "sass-loader": "^7.3.1",
      "source-map-loader": "^0.2.4",
      "style-loader": "^1.1.3",
      "ts-loader": "^6.2.1",
      "typescript": "^3.8.3",
      "webpack": "^4.42.0",
      "webpack-cli": "^3.3.11"
    },
    "dependencies": {
      "bootstrap": "^4.4.1",
      "i18next": "^19.3.2",
      "i18next-browser-languagedetector": "^4.0.2",
      "i18next-xhr-backend": "^3.2.2",
      "jquery": "^3.4.1",
      "moment": "^2.24.0",
      "popper.js": "^1.16.1",
      "react": "^16.13.0",
      "react-dnd": "^10.0.2",
      "react-dnd-html5-backend": "^10.0.2",
      "react-dom": "^16.13.0",
      "react-i18next": "^11.3.3",
      "react-redux": "^7.2.0",
      "react-router": "^5.1.2",
      "react-router-dom": "^5.1.2",
      "redux": "^4.0.5"
    }
  }

yarn manifest: 
  No manifest

Lockfile: 
  No lockfile
